[35m[1mScanning dependencies of target multi[0m
[ 50%] [32mBuilding CXX object CMakeFiles/multi.dir/src/multi_test.cpp.o[0m
In file included from [01m[K/home/zft/workspace/src/multi_offboard/src/multi_test.cpp:5:0[m[K:
[01m[K/home/zft/workspace/src/multi_offboard/src/../include/multi_offboard/multi_test.h:16:1:[m[K [01;31m[Kerror: [m[Kexpected â€˜[01m[K;[m[Kâ€™ after class definition
 }
[01;32m[K ^[m[K
[01m[K/home/zft/workspace/src/multi_offboard/src/multi_test.cpp:[m[K In static member function â€˜[01m[Kstatic offboard* offboard::getInstance()[m[Kâ€™:
[01m[K/home/zft/workspace/src/multi_offboard/src/multi_test.cpp:16:5:[m[K [01;31m[Kerror: [m[Kinvalid use of member â€˜[01m[Koffboard::multi_init[m[Kâ€™ in static member function
     multi_init = new offboard() ;       //chu shi hua
[01;32m[K     ^[m[K
In file included from [01m[K/home/zft/workspace/src/multi_offboard/src/multi_test.cpp:5:0[m[K:
[01m[K/home/zft/workspace/src/multi_offboard/src/../include/multi_offboard/multi_test.h:15:14:[m[K [01;36m[Knote: [m[Kdeclared here
    offboard* multi_init;
[01;32m[K              ^[m[K
[01m[K/home/zft/workspace/src/multi_offboard/src/multi_test.cpp:17:13:[m[K [01;31m[Kerror: [m[Kinvalid use of member â€˜[01m[Koffboard::multi_init[m[Kâ€™ in static member function
     return  multi_init;
[01;32m[K             ^[m[K
In file included from [01m[K/home/zft/workspace/src/multi_offboard/src/multi_test.cpp:5:0[m[K:
[01m[K/home/zft/workspace/src/multi_offboard/src/../include/multi_offboard/multi_test.h:15:14:[m[K [01;36m[Knote: [m[Kdeclared here
    offboard* multi_init;
[01;32m[K              ^[m[K
CMakeFiles/multi.dir/build.make:62: recipe for target 'CMakeFiles/multi.dir/src/multi_test.cpp.o' failed
make[2]: *** [CMakeFiles/multi.dir/src/multi_test.cpp.o] Error 1
CMakeFiles/Makefile2:1283: recipe for target 'CMakeFiles/multi.dir/all' failed
make[1]: *** [CMakeFiles/multi.dir/all] Error 2
Makefile:138: recipe for target 'all' failed
make: *** [all] Error 2
