[35m[1mScanning dependencies of target multi[0m
[ 50%] [32mBuilding CXX object CMakeFiles/multi.dir/src/multi_test.cpp.o[0m
[01m[K/home/zft/workspace/src/multi_offboard/src/multi_test.cpp:[m[K In function â€˜[01m[Kint main(int, char**)[m[Kâ€™:
[01m[K/home/zft/workspace/src/multi_offboard/src/multi_test.cpp:58:5:[m[K [01;31m[Kerror: [m[Kexpected â€˜[01m[K;[m[Kâ€™ before â€˜[01m[Kmavros_msgs[m[Kâ€™
     mavros_msgs::SetMode offb_set_mode;
[01;32m[K     ^[m[K
[01m[K/home/zft/workspace/src/multi_offboard/src/multi_test.cpp:67:13:[m[K [01;31m[Kerror: [m[Kâ€˜[01m[Kcurrent_state[m[Kâ€™ was not declared in this scope
         if (current_state.mode != "OFFBOARD" &&
[01;32m[K             ^[m[K
[01m[K/home/zft/workspace/src/multi_offboard/src/multi_test.cpp:[m[K At global scope:
[01m[K/home/zft/workspace/src/multi_offboard/src/multi_test.cpp:100:1:[m[K [01;31m[Kerror: [m[Kexpected declaration before â€˜[01m[K}[m[Kâ€™ token
 }
[01;32m[K ^[m[K
CMakeFiles/multi.dir/build.make:62: recipe for target 'CMakeFiles/multi.dir/src/multi_test.cpp.o' failed
make[2]: *** [CMakeFiles/multi.dir/src/multi_test.cpp.o] Error 1
CMakeFiles/Makefile2:1283: recipe for target 'CMakeFiles/multi.dir/all' failed
make[1]: *** [CMakeFiles/multi.dir/all] Error 2
Makefile:138: recipe for target 'all' failed
make: *** [all] Error 2
