[01m[K/home/zft/workspace/src/multi_offboard/src/multi_test.cpp:[m[K In function â€˜[01m[Kint main(int, char**)[m[Kâ€™:
[01m[K/home/zft/workspace/src/multi_offboard/src/multi_test.cpp:39:4:[m[K [01;31m[Kerror: [m[Kâ€˜[01m[Kuav2_state_sub[m[Kâ€™ was not declared in this scope
    uav2_state_sub = nh.subscribe<mavros_msgs::State>
[01;32m[K    ^[m[K
make[2]: *** [CMakeFiles/multi.dir/src/multi_test.cpp.o] Error 1
make[1]: *** [CMakeFiles/multi.dir/all] Error 2
make: *** [all] Error 2
